#-----------------------------------------------------------
# Vivado v2020.2 (64-bit)
# SW Build 3064766 on Wed Nov 18 09:12:45 MST 2020
# IP Build 3064653 on Wed Nov 18 14:17:31 MST 2020
# Start of session at: Fri Jun 27 17:57:30 2025
# Process ID: 5652
# Current directory: D:/Data/Codes/VS-Code/Practice/FPGA/00_template/prj
# Command line: vivado.exe -gui_launcher_event rodinguilauncherevent23820 D:\Data\Codes\VS-Code\Practice\FPGA\00_template\prj\template.xpr
# Log file: D:/Data/Codes/VS-Code/Practice/FPGA/00_template/prj/vivado.log
# Journal file: D:/Data/Codes/VS-Code/Practice/FPGA/00_template/prj\vivado.jou
#-----------------------------------------------------------
start_gui
open_project D:/Data/Codes/VS-Code/Practice/FPGA/00_template/prj/template.xpr
WARNING: [filemgmt 56-3] Default IP Output Path : Could not find the directory 'D:/Data/Codes/VS-Code/Practice/FPGA/00_template/prj/template.gen/sources_1'.
Scanning sources...
Finished scanning sources
INFO: [IP_Flow 19-234] Refreshing IP repositories
INFO: [IP_Flow 19-1704] No user IP repositories specified
INFO: [IP_Flow 19-2313] Loaded Vivado IP repository 'D:/Works/Xilinx/Vivado/2020.2/data/ip'.
exit
INFO: [Common 17-206] Exiting Vivado at Fri Jun 27 17:58:40 2025...
